<<<<<<< HEAD
[1113/135330.801:ERROR:directory_reader_win.cc(43)] FindFirstFile: ï¿½tï¿½Î§ä¤£ï¿½ï¿½ï¿½ï¿½wï¿½ï¿½ï¿½ï¿½ï¿½|ï¿½C (0x3)
=======
<<<<<<< HEAD
<<<<<<< HEAD
[1030/000711.752:ERROR:directory_reader_win.cc(43)] FindFirstFile: ï¿½tï¿½Î§ä¤£ï¿½ï¿½ï¿½ï¿½wï¿½ï¿½ï¿½ï¿½ï¿½|ï¿½C (0x3)
[1030/101016.547:ERROR:directory_reader_win.cc(43)] FindFirstFile: ï¿½tï¿½Î§ä¤£ï¿½ï¿½ï¿½ï¿½wï¿½ï¿½ï¿½ï¿½ï¿½|ï¿½C (0x3)
[1030/103225.138:ERROR:directory_reader_win.cc(43)] FindFirstFile: ï¿½tï¿½Î§ä¤£ï¿½ï¿½ï¿½ï¿½wï¿½ï¿½ï¿½ï¿½ï¿½|ï¿½C (0x3)
[1104/100653.120:ERROR:directory_reader_win.cc(43)] FindFirstFile: ï¿½tï¿½Î§ä¤£ï¿½ï¿½ï¿½ï¿½wï¿½ï¿½ï¿½ï¿½ï¿½|ï¿½C (0x3)
[1104/225141.954:ERROR:directory_reader_win.cc(43)] FindFirstFile: ï¿½tï¿½Î§ä¤£ï¿½ï¿½ï¿½ï¿½wï¿½ï¿½ï¿½ï¿½ï¿½|ï¿½C (0x3)
[1104/231111.212:ERROR:directory_reader_win.cc(43)] FindFirstFile: ï¿½tï¿½Î§ä¤£ï¿½ï¿½ï¿½ï¿½wï¿½ï¿½ï¿½ï¿½ï¿½|ï¿½C (0x3)
[1106/102029.950:ERROR:directory_reader_win.cc(43)] FindFirstFile: ï¿½tï¿½Î§ä¤£ï¿½ï¿½ï¿½ï¿½wï¿½ï¿½ï¿½ï¿½ï¿½|ï¿½C (0x3)
[1106/115847.892:ERROR:directory_reader_win.cc(43)] FindFirstFile: ï¿½tï¿½Î§ä¤£ï¿½ï¿½ï¿½ï¿½wï¿½ï¿½ï¿½ï¿½ï¿½|ï¿½C (0x3)
[1109/100634.479:ERROR:directory_reader_win.cc(43)] FindFirstFile: ï¿½tï¿½Î§ä¤£ï¿½ï¿½ï¿½ï¿½wï¿½ï¿½ï¿½ï¿½ï¿½|ï¿½C (0x3)
[1110/112648.182:ERROR:directory_reader_win.cc(43)] FindFirstFile: ï¿½tï¿½Î§ä¤£ï¿½ï¿½ï¿½ï¿½wï¿½ï¿½ï¿½ï¿½ï¿½|ï¿½C (0x3)
<<<<<<< HEAD
<<<<<<< HEAD
<<<<<<< HEAD
<<<<<<< HEAD
<<<<<<< HEAD
[1112/114304.248:ERROR:directory_reader_win.cc(43)] FindFirstFile: ï¿½tï¿½Î§ä¤£ï¿½ï¿½ï¿½ï¿½wï¿½ï¿½ï¿½ï¿½ï¿½|ï¿½C (0x3)
=======
[1111/132413.374:ERROR:directory_reader_win.cc(43)] FindFirstFile: ï¿½tï¿½Î§ä¤£ï¿½ï¿½ï¿½ï¿½wï¿½ï¿½ï¿½ï¿½ï¿½|ï¿½C (0x3)
[1112/104232.052:ERROR:directory_reader_win.cc(43)] FindFirstFile: ï¿½tï¿½Î§ä¤£ï¿½ï¿½ï¿½ï¿½wï¿½ï¿½ï¿½ï¿½ï¿½|ï¿½C (0x3)
[1112/141447.444:ERROR:directory_reader_win.cc(43)] FindFirstFile: ï¿½tï¿½Î§ä¤£ï¿½ï¿½ï¿½ï¿½wï¿½ï¿½ï¿½ï¿½ï¿½|ï¿½C (0x3)
>>>>>>> 9b50b81... chieh1112
=======
[1111/132413.374:ERROR:directory_reader_win.cc(43)] FindFirstFile: ï¿½tï¿½Î§ä¤£ï¿½ï¿½ï¿½ï¿½wï¿½ï¿½ï¿½ï¿½ï¿½|ï¿½C (0x3)
[1112/104232.052:ERROR:directory_reader_win.cc(43)] FindFirstFile: ï¿½tï¿½Î§ä¤£ï¿½ï¿½ï¿½ï¿½wï¿½ï¿½ï¿½ï¿½ï¿½|ï¿½C (0x3)
[1112/141447.444:ERROR:directory_reader_win.cc(43)] FindFirstFile: ï¿½tï¿½Î§ä¤£ï¿½ï¿½ï¿½ï¿½wï¿½ï¿½ï¿½ï¿½ï¿½|ï¿½C (0x3)
>>>>>>> a18b9f4... dbå¸³è™Ÿ
=======
[1113/135330.801:ERROR:directory_reader_win.cc(43)] FindFirstFile: ï¿½tï¿½Î§ä¤£ï¿½ï¿½ï¿½ï¿½wï¿½ï¿½ï¿½ï¿½ï¿½|ï¿½C (0x3)
>>>>>>> 97e0126... samps navbar é »é“ç¯€ç›® è½‰å‘ä¿®æ­£  è™•ç†ä¸€é–‹å§‹ç›´æ¥ç”¨googleç™»å…¥ collection åœ–ç‰‡æœƒç”¢ç”Ÿå•é¡Œ
=======
[1112/114304.248:ERROR:directory_reader_win.cc(43)] FindFirstFile: ï¿½tï¿½Î§ä¤£ï¿½ï¿½ï¿½ï¿½wï¿½ï¿½ï¿½ï¿½ï¿½|ï¿½C (0x3)
>>>>>>> ce68bab... çµåˆæœƒå“¡èˆ‡æ’­å®¢å¾Œå°
=======
[1111/132413.374:ERROR:directory_reader_win.cc(43)] FindFirstFile: ï¿½tï¿½Î§ä¤£ï¿½ï¿½ï¿½ï¿½wï¿½ï¿½ï¿½ï¿½ï¿½|ï¿½C (0x3)
[1112/104232.052:ERROR:directory_reader_win.cc(43)] FindFirstFile: ï¿½tï¿½Î§ä¤£ï¿½ï¿½ï¿½ï¿½wï¿½ï¿½ï¿½ï¿½ï¿½|ï¿½C (0x3)
[1112/141447.444:ERROR:directory_reader_win.cc(43)] FindFirstFile: ï¿½tï¿½Î§ä¤£ï¿½ï¿½ï¿½ï¿½wï¿½ï¿½ï¿½ï¿½ï¿½|ï¿½C (0x3)
>>>>>>> 9b50b81... chieh1112
=======
[1111/132413.374:ERROR:directory_reader_win.cc(43)] FindFirstFile: ï¿½tï¿½Î§ä¤£ï¿½ï¿½ï¿½ï¿½wï¿½ï¿½ï¿½ï¿½ï¿½|ï¿½C (0x3)
[1112/104232.052:ERROR:directory_reader_win.cc(43)] FindFirstFile: ï¿½tï¿½Î§ä¤£ï¿½ï¿½ï¿½ï¿½wï¿½ï¿½ï¿½ï¿½ï¿½|ï¿½C (0x3)
[1112/141447.444:ERROR:directory_reader_win.cc(43)] FindFirstFile: ï¿½tï¿½Î§ä¤£ï¿½ï¿½ï¿½ï¿½wï¿½ï¿½ï¿½ï¿½ï¿½|ï¿½C (0x3)
>>>>>>> a18b9f4... dbå¸³è™Ÿ
=======
[1113/135330.801:ERROR:directory_reader_win.cc(43)] FindFirstFile: ¨t²Î§ä¤£¨ì«ü©wªº¸ô®|¡C (0x3)
>>>>>>> 97e0126... samps navbar é »é“ç¯€ç›® è½‰å‘ä¿®æ­£  è™•ç†ä¸€é–‹å§‹ç›´æ¥ç”¨googleç™»å…¥ collection åœ–ç‰‡æœƒç”¢ç”Ÿå•é¡Œ
<<<<<<< HEAD
>>>>>>> dc7370ab8cfd52c25c00b7a9c8232c29ae008520
=======
[1114/090412.297:ERROR:directory_reader_win.cc(43)] FindFirstFile: ¨t²Î§ä¤£¨ì«ü©wªº¸ô®|¡C (0x3)
[1116/092415.549:ERROR:directory_reader_win.cc(43)] FindFirstFile: ¨t²Î§ä¤£¨ì«ü©wªº¸ô®|¡C (0x3)
>>>>>>> chieh
[1116/131131.578:ERROR:directory_reader_win.cc(43)] FindFirstFile: ¨t²Î§ä¤£¨ì«ü©wªº¸ô®|¡C (0x3)
